2024-11-06T18:42:33+00:00 INFO Require to run updater..Start Installation/ Update process
2024-11-06T18:42:33+00:00 INFO Needs DB Update?
2024-11-06T18:42:33+00:00 INFO Current DB Version: 5.7.28
2024-11-06T18:42:33+00:00 INFO Database update require. Start updating database
2024-11-06T18:42:33+00:00 INFO Do Update....
2024-11-06T18:42:33+00:00 INFO Current IG ES DB Version: 5.7.28
2024-11-06T18:42:33+00:00 INFO [Queue] ig_es_add_premium_forms_templates
2024-11-06T18:42:33+00:00 INFO [Queue] ig_es_update_5737_db_version
2024-11-06T18:42:33+00:00 INFO [Queue] ig_es_add_preview_forms_column
2024-11-06T18:42:33+00:00 INFO [Queue] ig_es_update_5738_db_version
2024-11-06T18:42:33+00:00 INFO Yes, we have tasks to process
2024-11-06T18:42:33+00:00 INFO --------------------- Started To Run Task Again---------------------
2024-11-06T18:42:33+00:00 INFO [Processing] ig_es_add_premium_forms_templates
2024-11-06T18:42:33+00:00 INFO --- Running Task - ig_es_add_premium_forms_templates
2024-11-06T18:42:33+00:00 INFO --- Finished Task - ig_es_add_premium_forms_templates 
2024-11-06T18:42:33+00:00 INFO [Processed] ig_es_add_premium_forms_templates
2024-11-06T18:42:33+00:00 INFO [Processing] ig_es_update_5737_db_version
2024-11-06T18:42:33+00:00 INFO --- Running Task - ig_es_update_5737_db_version
2024-11-06T18:42:33+00:00 INFO --- Finished Task - ig_es_update_5737_db_version 
2024-11-06T18:42:33+00:00 INFO [Processed] ig_es_update_5737_db_version
2024-11-06T18:42:33+00:00 INFO [Processing] ig_es_add_preview_forms_column
2024-11-06T18:42:33+00:00 INFO --- Running Task - ig_es_add_preview_forms_column
2024-11-06T18:42:33+00:00 INFO --- Finished Task - ig_es_add_preview_forms_column 
2024-11-06T18:42:33+00:00 INFO [Processed] ig_es_add_preview_forms_column
2024-11-06T18:42:33+00:00 INFO [Processing] ig_es_update_5738_db_version
2024-11-06T18:42:33+00:00 INFO --- Running Task - ig_es_update_5738_db_version
2024-11-06T18:42:33+00:00 INFO --- Finished Task - ig_es_update_5738_db_version 
2024-11-06T18:42:33+00:00 INFO [Processed] ig_es_update_5738_db_version
