2024-08-22T11:55:18+00:00 INFO Require to run updater..Start Installation/ Update process
2024-08-22T11:55:18+00:00 INFO Needs DB Update?
2024-08-22T11:55:18+00:00 INFO Current DB Version: 5.7.1
2024-08-22T11:55:18+00:00 INFO Database update require. Start updating database
2024-08-22T11:55:18+00:00 INFO Do Update....
2024-08-22T11:55:18+00:00 INFO Current IG ES DB Version: 5.7.1
2024-08-22T11:55:18+00:00 INFO [Queue] ig_es_trial_expires_email_for_existing_users
2024-08-22T11:55:18+00:00 INFO [Queue] ig_es_update_5713_db_version
2024-08-22T11:55:18+00:00 INFO [Queue] ig_es_maybe_mark_onboarding_complete
2024-08-22T11:55:18+00:00 INFO [Queue] ig_es_update_5725_db_version
2024-08-22T11:55:18+00:00 INFO [Queue] ig_es_maybe_send_ess_used_limit
2024-08-22T11:55:18+00:00 INFO [Queue] ig_es_update_5727_db_version
2024-08-22T11:55:18+00:00 INFO [Queue] ig_es_schedule_trial_expires_reminder_cron
2024-08-22T11:55:18+00:00 INFO [Queue] ig_es_update_5728_db_version
2024-08-22T11:55:18+00:00 INFO Yes, we have tasks to process
2024-08-22T11:55:18+00:00 INFO --------------------- Started To Run Task Again---------------------
2024-08-22T11:55:18+00:00 INFO [Processing] ig_es_trial_expires_email_for_existing_users
2024-08-22T11:55:18+00:00 INFO --- Running Task - ig_es_trial_expires_email_for_existing_users
2024-08-22T11:55:18+00:00 INFO --- Finished Task - ig_es_trial_expires_email_for_existing_users 
2024-08-22T11:55:18+00:00 INFO [Processed] ig_es_trial_expires_email_for_existing_users
2024-08-22T11:55:18+00:00 INFO [Processing] ig_es_update_5713_db_version
2024-08-22T11:55:18+00:00 INFO --- Running Task - ig_es_update_5713_db_version
2024-08-22T11:55:18+00:00 INFO --- Finished Task - ig_es_update_5713_db_version 
2024-08-22T11:55:18+00:00 INFO [Processed] ig_es_update_5713_db_version
2024-08-22T11:55:18+00:00 INFO [Processing] ig_es_maybe_mark_onboarding_complete
2024-08-22T11:55:18+00:00 INFO --- Running Task - ig_es_maybe_mark_onboarding_complete
2024-08-22T11:55:18+00:00 INFO --- Finished Task - ig_es_maybe_mark_onboarding_complete 
2024-08-22T11:55:18+00:00 INFO [Processed] ig_es_maybe_mark_onboarding_complete
2024-08-22T11:55:18+00:00 INFO [Processing] ig_es_update_5725_db_version
2024-08-22T11:55:18+00:00 INFO --- Running Task - ig_es_update_5725_db_version
2024-08-22T11:55:18+00:00 INFO --- Finished Task - ig_es_update_5725_db_version 
2024-08-22T11:55:18+00:00 INFO [Processed] ig_es_update_5725_db_version
2024-08-22T11:55:18+00:00 INFO [Processing] ig_es_maybe_send_ess_used_limit
2024-08-22T11:55:18+00:00 INFO --- Running Task - ig_es_maybe_send_ess_used_limit
2024-08-22T11:55:18+00:00 INFO --- Finished Task - ig_es_maybe_send_ess_used_limit 
2024-08-22T11:55:18+00:00 INFO [Processed] ig_es_maybe_send_ess_used_limit
2024-08-22T11:55:18+00:00 INFO [Processing] ig_es_update_5727_db_version
2024-08-22T11:55:18+00:00 INFO --- Running Task - ig_es_update_5727_db_version
2024-08-22T11:55:18+00:00 INFO --- Finished Task - ig_es_update_5727_db_version 
2024-08-22T11:55:18+00:00 INFO [Processed] ig_es_update_5727_db_version
2024-08-22T11:55:18+00:00 INFO [Processing] ig_es_schedule_trial_expires_reminder_cron
2024-08-22T11:55:18+00:00 INFO --- Running Task - ig_es_schedule_trial_expires_reminder_cron
2024-08-22T11:55:18+00:00 INFO --- Finished Task - ig_es_schedule_trial_expires_reminder_cron 
2024-08-22T11:55:18+00:00 INFO [Processed] ig_es_schedule_trial_expires_reminder_cron
2024-08-22T11:55:18+00:00 INFO [Processing] ig_es_update_5728_db_version
2024-08-22T11:55:18+00:00 INFO --- Running Task - ig_es_update_5728_db_version
2024-08-22T11:55:18+00:00 INFO --- Finished Task - ig_es_update_5728_db_version 
2024-08-22T11:55:18+00:00 INFO [Processed] ig_es_update_5728_db_version
