2020-07-09T16:18:30+00:00 INFO Require to run updater..Start Installation/ Update process
2020-07-09T16:18:30+00:00 INFO Needs DB Update?
2020-07-09T16:18:30+00:00 INFO Current DB Version: 4.4.2
2020-07-09T16:18:30+00:00 INFO Database update require. Start updating database
2020-07-09T16:18:30+00:00 INFO Do Update....
2020-07-09T16:18:30+00:00 INFO Current IG ES DB Version: 4.4.2
2020-07-09T16:18:30+00:00 INFO [Queue] ig_es_update_449_create_tables
2020-07-09T16:18:30+00:00 INFO [Queue] ig_es_update_449_db_version
2020-07-09T16:18:30+00:00 INFO [Queue] ig_es_update_4410_load_templates
2020-07-09T16:18:30+00:00 INFO [Queue] ig_es_update_4410_db_version
2020-07-09T16:18:30+00:00 INFO [Queue] ig_es_update_450_alter_actions_table
2020-07-09T16:18:30+00:00 INFO [Queue] ig_es_update_450_db_version
2020-07-09T16:18:30+00:00 INFO Yes, we have tasks to process
2020-07-09T16:18:30+00:00 INFO --------------------- Started To Run Task Again---------------------
2020-07-09T16:18:30+00:00 INFO [Processing] ig_es_update_449_create_tables
2020-07-09T16:18:30+00:00 INFO --- Running Task - ig_es_update_449_create_tables
2020-07-09T16:18:30+00:00 INFO --- Finished Task - ig_es_update_449_create_tables 
2020-07-09T16:18:30+00:00 INFO [Processed] ig_es_update_449_create_tables
2020-07-09T16:18:30+00:00 INFO [Processing] ig_es_update_449_db_version
2020-07-09T16:18:30+00:00 INFO --- Running Task - ig_es_update_449_db_version
2020-07-09T16:18:32+00:00 INFO --- Finished Task - ig_es_update_449_db_version 
2020-07-09T16:18:32+00:00 INFO [Processed] ig_es_update_449_db_version
2020-07-09T16:18:32+00:00 INFO [Processing] ig_es_update_4410_load_templates
2020-07-09T16:18:32+00:00 INFO --- Running Task - ig_es_update_4410_load_templates
2020-07-09T16:18:32+00:00 INFO --- Finished Task - ig_es_update_4410_load_templates 
2020-07-09T16:18:32+00:00 INFO [Processed] ig_es_update_4410_load_templates
2020-07-09T16:18:32+00:00 INFO [Processing] ig_es_update_4410_db_version
2020-07-09T16:18:32+00:00 INFO --- Running Task - ig_es_update_4410_db_version
2020-07-09T16:18:32+00:00 INFO --- Finished Task - ig_es_update_4410_db_version 
2020-07-09T16:18:32+00:00 INFO [Processed] ig_es_update_4410_db_version
2020-07-09T16:18:32+00:00 INFO [Processing] ig_es_update_450_alter_actions_table
2020-07-09T16:18:32+00:00 INFO --- Running Task - ig_es_update_450_alter_actions_table
2020-07-09T16:18:32+00:00 INFO --- Finished Task - ig_es_update_450_alter_actions_table 
2020-07-09T16:18:32+00:00 INFO [Processed] ig_es_update_450_alter_actions_table
2020-07-09T16:18:32+00:00 INFO [Processing] ig_es_update_450_db_version
2020-07-09T16:18:32+00:00 INFO --- Running Task - ig_es_update_450_db_version
2020-07-09T16:18:32+00:00 INFO --- Finished Task - ig_es_update_450_db_version 
2020-07-09T16:18:32+00:00 INFO [Processed] ig_es_update_450_db_version
